<?xml version="1.0" encoding="UTF-8"?>
<!-- Generated by org.testng.reporters.JUnitReportReporter -->
<testsuite hostname="LAPTOP-OS77LBS0" failures="0" tests="4" name="Fss_Domain_Api.Automation.VerifyAirlineApis" time="1.892" errors="0" timestamp="2023-03-01T11:24:45 IST" skipped="2">
  <testcase classname="Fss_Domain_Api.Automation.VerifyAirlineApis" name="verifyCreateNewAirline" time="1.714"/>
  <system-out/>
  <testcase classname="Fss_Domain_Api.Automation.VerifyAirlineApis" name="verifyGetAirlineDetails" time="0.178"/>
  <system-out/>
  <testcase classname="Fss_Domain_Api.Automation.VerifyAirlineApis" name="verifyDeleteAirlineDetails">
    <skipped/>
  </testcase> <!-- verifyDeleteAirlineDetails -->
  <system-out/>
  <testcase classname="Fss_Domain_Api.Automation.VerifyAirlineApis" name="verifyPutAirlinrDetails">
    <skipped/>
  </testcase> <!-- verifyPutAirlinrDetails -->
  <system-out/>
</testsuite> <!-- Fss_Domain_Api.Automation.VerifyAirlineApis -->
