<?xml version="1.0" encoding="UTF-8"?>
<!-- Generated by org.testng.reporters.JUnitReportReporter -->
<testsuite hostname="LAPTOP-OS77LBS0" failures="0" tests="5" name="Fss_Domain_Api.Automation.ValidateRegionApis" time="1.714" errors="0" timestamp="2023-03-01T15:18:53 IST" skipped="1">
  <testcase classname="Fss_Domain_Api.Automation.ValidateRegionApis" name="verifyCreateRegion" time="1.419"/>
  <system-out/>
  <testcase classname="Fss_Domain_Api.Automation.ValidateRegionApis" name="verifyUpdateRegionDetails" time="0.100"/>
  <system-out/>
  <testcase classname="Fss_Domain_Api.Automation.ValidateRegionApis" name="verifyGetRegionsDetails" time="0.106"/>
  <system-out/>
  <testcase classname="Fss_Domain_Api.Automation.ValidateRegionApis" name="verifyGetRegionDetail" time="0.089"/>
  <system-out/>
  <testcase classname="Fss_Domain_Api.Automation.ValidateRegionApis" name="verifyDeleteSinglePackageDetail">
    <skipped/>
  </testcase> <!-- verifyDeleteSinglePackageDetail -->
  <system-out/>
</testsuite> <!-- Fss_Domain_Api.Automation.ValidateRegionApis -->
