<?xml version="1.0" encoding="UTF-8"?>
<!-- Generated by org.testng.reporters.JUnitReportReporter -->
<testsuite hostname="LAPTOP-OS77LBS0" failures="0" tests="5" name="Fss_Domain_Api.Automation.ValidateTaxApis" time="1.602" errors="0" timestamp="2023-03-01T16:47:16 IST" skipped="2">
  <testcase classname="Fss_Domain_Api.Automation.ValidateTaxApis" name="verifyCreateTaxType" time="1.323"/>
  <system-out/>
  <testcase classname="Fss_Domain_Api.Automation.ValidateTaxApis" name="verifyUpdatetaxtype" time="0.145"/>
  <system-out/>
  <testcase classname="Fss_Domain_Api.Automation.ValidateTaxApis" name="verifyGetShipline" time="0.134"/>
  <system-out/>
  <testcase classname="Fss_Domain_Api.Automation.ValidateTaxApis" name="verifyDeleteShipline">
    <skipped/>
  </testcase> <!-- verifyDeleteShipline -->
  <system-out/>
  <testcase classname="Fss_Domain_Api.Automation.ValidateTaxApis" name="verifyGetTaxTypessDetails">
    <skipped/>
  </testcase> <!-- verifyGetTaxTypessDetails -->
  <system-out/>
</testsuite> <!-- Fss_Domain_Api.Automation.ValidateTaxApis -->
