<?xml version="1.0" encoding="UTF-8"?>
<!-- Generated by org.testng.reporters.JUnitReportReporter -->
<testsuite hostname="LAPTOP-OS77LBS0" failures="0" tests="5" name="Fss_Domain_Api.Automation.ValidateServiceType" time="1.914" errors="0" timestamp="2023-03-01T15:57:00 IST" skipped="1">
  <testcase classname="Fss_Domain_Api.Automation.ValidateServiceType" name="verifyCreateServiceType" time="1.332"/>
  <system-out/>
  <testcase classname="Fss_Domain_Api.Automation.ValidateServiceType" name="verifyUpdateServiceType" time="0.339"/>
  <system-out/>
  <testcase classname="Fss_Domain_Api.Automation.ValidateServiceType" name="verifyGetServiceTypeDetails" time="0.135"/>
  <system-out/>
  <testcase classname="Fss_Domain_Api.Automation.ValidateServiceType" name="verifyGetServiceTypeDetail" time="0.108"/>
  <system-out/>
  <testcase classname="Fss_Domain_Api.Automation.ValidateServiceType" name="verifyDeleteRegionDetail">
    <skipped/>
  </testcase> <!-- verifyDeleteRegionDetail -->
  <system-out/>
</testsuite> <!-- Fss_Domain_Api.Automation.ValidateServiceType -->
