<?xml version="1.0" encoding="UTF-8"?>
<!-- Generated by org.testng.reporters.JUnitReportReporter -->
<testsuite hostname="LAPTOP-OS77LBS0" failures="0" tests="5" name="Fss_Domain_Api.Automation.ValidateShiplineApis" time="1.443" errors="0" timestamp="2023-03-01T16:17:48 IST" skipped="3">
  <testcase classname="Fss_Domain_Api.Automation.ValidateShiplineApis" name="verifyCreateShipline" time="1.319"/>
  <system-out/>
  <testcase classname="Fss_Domain_Api.Automation.ValidateShiplineApis" name="verifyUpdateShipline" time="0.124"/>
  <system-out/>
  <testcase classname="Fss_Domain_Api.Automation.ValidateShiplineApis" name="verifyDeleteServiceTypeDetail">
    <skipped/>
  </testcase> <!-- verifyDeleteServiceTypeDetail -->
  <system-out/>
  <testcase classname="Fss_Domain_Api.Automation.ValidateShiplineApis" name="verifyGetServiceTypeDetail">
    <skipped/>
  </testcase> <!-- verifyGetServiceTypeDetail -->
  <system-out/>
  <testcase classname="Fss_Domain_Api.Automation.ValidateShiplineApis" name="verifyGetServiceTypeDetails">
    <skipped/>
  </testcase> <!-- verifyGetServiceTypeDetails -->
  <system-out/>
</testsuite> <!-- Fss_Domain_Api.Automation.ValidateShiplineApis -->
