<?xml version="1.0" encoding="UTF-8"?>
<!-- Generated by org.testng.reporters.JUnitReportReporter -->
<testsuite hostname="LAPTOP-OS77LBS0" failures="0" tests="1" name="Fss_Domain_Api.Automation.Tc_02_Get_Admin_Activities_Request" time="0.963" errors="0" timestamp="2023-02-24T11:59:54 IST" skipped="0">
  <testcase classname="Fss_Domain_Api.Automation.Tc_02_Get_Admin_Activities_Request" name="getAdminActivitiesDetails" time="0.963"/>
  <system-out/>
</testsuite> <!-- Fss_Domain_Api.Automation.Tc_02_Get_Admin_Activities_Request -->
