<?xml version="1.0" encoding="UTF-8"?>
<!-- Generated by org.testng.reporters.JUnitReportReporter -->
<testsuite hostname="LAPTOP-OS77LBS0" failures="0" tests="1" name="Fss_Domain_Api.Automation.TC_03_Get_admin_Activities_Mode_Type" time="1.004" errors="0" timestamp="2023-02-24T12:23:47 IST" skipped="0">
  <testcase classname="Fss_Domain_Api.Automation.TC_03_Get_admin_Activities_Mode_Type" name="getweatherDetails" time="1.004"/>
  <system-out/>
</testsuite> <!-- Fss_Domain_Api.Automation.TC_03_Get_admin_Activities_Mode_Type -->
