<?xml version="1.0" encoding="UTF-8"?>
<!-- Generated by org.testng.reporters.JUnitReportReporter -->
<testsuite hostname="LAPTOP-OS77LBS0" failures="0" tests="1" name="post_request_api_automation.Post_Admin_Activity_Request" time="1.664" errors="0" timestamp="2023-02-28T11:16:16 IST" skipped="0">
  <testcase classname="post_request_api_automation.Post_Admin_Activity_Request" name="postAdminActivityDetails" time="1.664"/>
  <system-out/>
</testsuite> <!-- post_request_api_automation.Post_Admin_Activity_Request -->
