<?xml version="1.0" encoding="UTF-8"?>
<!-- Generated by org.testng.reporters.JUnitReportReporter -->
<testsuite hostname="LAPTOP-OS77LBS0" failures="0" tests="4" name="Fss_Domain_Api.Automation.ValidateCompnayContactPerson" time="1.469" errors="0" timestamp="2023-02-28T12:10:45 IST" skipped="0">
  <testcase classname="Fss_Domain_Api.Automation.ValidateCompnayContactPerson" name="verifyCreateNewCompanyContactPerson" time="1.222"/>
  <system-out/>
  <testcase classname="Fss_Domain_Api.Automation.ValidateCompnayContactPerson" name="verifyUpdateCompanyContactPerson" time="0.086"/>
  <system-out/>
  <testcase classname="Fss_Domain_Api.Automation.ValidateCompnayContactPerson" name="verifyGetCompanyContactPersonsDetails" time="0.081"/>
  <system-out/>
  <testcase classname="Fss_Domain_Api.Automation.ValidateCompnayContactPerson" name="verifyDeleteAirlineDetails" time="0.080"/>
  <system-out/>
</testsuite> <!-- Fss_Domain_Api.Automation.ValidateCompnayContactPerson -->
