<?xml version="1.0" encoding="UTF-8"?>
<!-- Generated by org.testng.reporters.JUnitReportReporter -->
<testsuite hostname="LAPTOP-OS77LBS0" failures="0" tests="5" name="Fss_Domain_Api.Automation.ValidateCustomerType" time="1.220" errors="0" timestamp="2023-03-01T12:01:05 IST" skipped="1">
  <testcase classname="Fss_Domain_Api.Automation.ValidateCustomerType" name="verifyCreateNewCustomerType" time="0.992"/>
  <system-out/>
  <testcase classname="Fss_Domain_Api.Automation.ValidateCustomerType" name="verifyUpdateCustomerType" time="0.074"/>
  <system-out/>
  <testcase classname="Fss_Domain_Api.Automation.ValidateCustomerType" name="verifyGetCustomerTypeDetails" time="0.071"/>
  <system-out/>
  <testcase classname="Fss_Domain_Api.Automation.ValidateCustomerType" name="verifyGetCustomerTypeDetail" time="0.083"/>
  <system-out/>
  <testcase classname="Fss_Domain_Api.Automation.ValidateCustomerType" name="verifyDeleteAirports">
    <skipped/>
  </testcase> <!-- verifyDeleteAirports -->
  <system-out/>
</testsuite> <!-- Fss_Domain_Api.Automation.ValidateCustomerType -->
