<?xml version="1.0" encoding="UTF-8"?>
<!-- Generated by org.testng.reporters.JUnitReportReporter -->
<testsuite hostname="LAPTOP-OS77LBS0" failures="0" tests="5" name="Fss_Domain_Api.Automation.ValidateExchangeRateApis" time="0.963" errors="0" timestamp="2023-03-01T14:08:23 IST" skipped="3">
  <testcase classname="Fss_Domain_Api.Automation.ValidateExchangeRateApis" name="verifyCreateNewExchangeRate" time="0.899"/>
  <system-out/>
  <testcase classname="Fss_Domain_Api.Automation.ValidateExchangeRateApis" name="verifyUpdateCustomerType" time="0.064"/>
  <system-out/>
  <testcase classname="Fss_Domain_Api.Automation.ValidateExchangeRateApis" name="verifyGetCustomerTypeDetails">
    <skipped/>
  </testcase> <!-- verifyGetCustomerTypeDetails -->
  <system-out/>
  <testcase classname="Fss_Domain_Api.Automation.ValidateExchangeRateApis" name="verifyGetCustomerTypeDetail">
    <skipped/>
  </testcase> <!-- verifyGetCustomerTypeDetail -->
  <system-out/>
  <testcase classname="Fss_Domain_Api.Automation.ValidateExchangeRateApis" name="verifyDeleteSingleCustomerTypeDetail">
    <skipped/>
  </testcase> <!-- verifyDeleteSingleCustomerTypeDetail -->
  <system-out/>
</testsuite> <!-- Fss_Domain_Api.Automation.ValidateExchangeRateApis -->
