<?xml version="1.0" encoding="UTF-8"?>
<!-- Generated by org.testng.reporters.JUnitReportReporter -->
<testsuite hostname="LAPTOP-OS77LBS0" failures="0" tests="5" name="Fss_Domain_Api.Automation.ValidateContactPersonApis" time="1.902" errors="0" timestamp="2023-02-28T14:08:35 IST" skipped="0">
  <testcase classname="Fss_Domain_Api.Automation.ValidateContactPersonApis" name="verifyCreateNewContactPerson" time="1.257"/>
  <system-out/>
  <testcase classname="Fss_Domain_Api.Automation.ValidateContactPersonApis" name="verifyUpdateContactPerson" time="0.185"/>
  <system-out/>
  <testcase classname="Fss_Domain_Api.Automation.ValidateContactPersonApis" name="verifyGetContactPersonsDetails" time="0.171"/>
  <system-out/>
  <testcase classname="Fss_Domain_Api.Automation.ValidateContactPersonApis" name="verifyGetContactPersonDetails" time="0.169"/>
  <system-out/>
  <testcase classname="Fss_Domain_Api.Automation.ValidateContactPersonApis" name="verifyDeleteContactPersonDetails" time="0.120"/>
  <system-out/>
</testsuite> <!-- Fss_Domain_Api.Automation.ValidateContactPersonApis -->
