<?xml version="1.0" encoding="UTF-8"?>
<!-- Generated by org.testng.reporters.JUnitReportReporter -->
<testsuite hostname="LAPTOP-OS77LBS0" failures="0" tests="4" name="Fss_Domain_Api.Automation.ValidateAirportApis" time="1.728" errors="0" timestamp="2023-02-28T11:21:32 IST" skipped="3">
  <testcase classname="Fss_Domain_Api.Automation.ValidateAirportApis" name="verifyCreateNewAirport" time="1.728"/>
  <system-out/>
  <testcase classname="Fss_Domain_Api.Automation.ValidateAirportApis" name="verifyUpdateAirport">
    <skipped/>
  </testcase> <!-- verifyUpdateAirport -->
  <system-out/>
  <testcase classname="Fss_Domain_Api.Automation.ValidateAirportApis" name="verifyDeleteAirports">
    <skipped/>
  </testcase> <!-- verifyDeleteAirports -->
  <system-out/>
  <testcase classname="Fss_Domain_Api.Automation.ValidateAirportApis" name="verifyGetAirport">
    <skipped/>
  </testcase> <!-- verifyGetAirport -->
  <system-out/>
</testsuite> <!-- Fss_Domain_Api.Automation.ValidateAirportApis -->
