<?xml version="1.0" encoding="UTF-8"?>
<!-- Generated by org.testng.reporters.JUnitReportReporter -->
<testsuite hostname="LAPTOP-OS77LBS0" failures="0" tests="1" name="Fss_Domain_Api.Automation.Tc_Get_Admin_branches_Request" time="1.050" errors="0" timestamp="2023-02-24T13:05:44 IST" skipped="0">
  <testcase classname="Fss_Domain_Api.Automation.Tc_Get_Admin_branches_Request" name="getweatherDetails" time="1.050"/>
  <system-out/>
</testsuite> <!-- Fss_Domain_Api.Automation.Tc_Get_Admin_branches_Request -->
