<?xml version="1.0" encoding="UTF-8"?>
<!-- Generated by org.testng.reporters.JUnitReportReporter -->
<testsuite hostname="LAPTOP-OS77LBS0" failures="0" tests="1" name="Fss_Domain_Api.Automation.VerifyAdminApis" time="1.317" errors="0" timestamp="2023-02-27T10:52:56 IST" skipped="0">
  <testcase classname="Fss_Domain_Api.Automation.VerifyAdminApis" name="verifyGetAdminActivitiesSetupDetails" time="1.317"/>
  <system-out/>
</testsuite> <!-- Fss_Domain_Api.Automation.VerifyAdminApis -->
