<?xml version="1.0" encoding="UTF-8"?>
<!-- Generated by org.testng.reporters.JUnitReportReporter -->
<testsuite hostname="LAPTOP-OS77LBS0" failures="0" tests="1" name="Fss_Domain_Api.Automation.ValidateCustomerAddress" time="0.974" errors="0" timestamp="2023-03-01T13:40:46 IST" skipped="0">
  <testcase classname="Fss_Domain_Api.Automation.ValidateCustomerAddress" name="verifyGetCustomerTypeDetails" time="0.974"/>
  <system-out/>
</testsuite> <!-- Fss_Domain_Api.Automation.ValidateCustomerAddress -->
