<?xml version="1.0" encoding="UTF-8"?>
<!-- Generated by org.testng.reporters.JUnitReportReporter -->
<testsuite hostname="LAPTOP-OS77LBS0" failures="0" tests="5" name="Fss_Domain_Api.Automation.ValidateAdminCountryApis" time="2.189" errors="0" timestamp="2023-02-28T14:33:00 IST" skipped="0">
  <testcase classname="Fss_Domain_Api.Automation.ValidateAdminCountryApis" name="verifyCreateNewCountry" time="1.152"/>
  <system-out/>
  <testcase classname="Fss_Domain_Api.Automation.ValidateAdminCountryApis" name="verifyUpdateCountry" time="0.242"/>
  <system-out/>
  <testcase classname="Fss_Domain_Api.Automation.ValidateAdminCountryApis" name="verifyGetCountryDetails" time="0.131"/>
  <system-out/>
  <testcase classname="Fss_Domain_Api.Automation.ValidateAdminCountryApis" name="verifyGetCountriesDetails" time="0.209"/>
  <system-out/>
  <testcase classname="Fss_Domain_Api.Automation.ValidateAdminCountryApis" name="verifyDeleteCountryDetails" time="0.455"/>
  <system-out/>
</testsuite> <!-- Fss_Domain_Api.Automation.ValidateAdminCountryApis -->
