<?xml version="1.0" encoding="UTF-8"?>
<!-- Generated by org.testng.reporters.JUnitReportReporter -->
<testsuite hostname="LAPTOP-OS77LBS0" failures="0" tests="5" name="Fss_Domain_Api.Automation.ValidatePackageApis" time="1.676" errors="0" timestamp="2023-03-01T14:55:05 IST" skipped="1">
  <testcase classname="Fss_Domain_Api.Automation.ValidatePackageApis" name="verifyCreatePackage" time="1.407"/>
  <system-out/>
  <testcase classname="Fss_Domain_Api.Automation.ValidatePackageApis" name="verifyUpdatePackageDetails" time="0.082"/>
  <system-out/>
  <testcase classname="Fss_Domain_Api.Automation.ValidatePackageApis" name="verifyGetpackagesDetails" time="0.091"/>
  <system-out/>
  <testcase classname="Fss_Domain_Api.Automation.ValidatePackageApis" name="verifyGetPackageDetail" time="0.096"/>
  <system-out/>
  <testcase classname="Fss_Domain_Api.Automation.ValidatePackageApis" name="verifyDeleteSinglePackageDetail">
    <skipped/>
  </testcase> <!-- verifyDeleteSinglePackageDetail -->
  <system-out/>
</testsuite> <!-- Fss_Domain_Api.Automation.ValidatePackageApis -->
